<?xml version="1.0" encoding="UTF-8"?>
<!-- Generated by org.testng.reporters.JUnitXMLReporter -->
<testsuite ignored="0" hostname="DESKTOP-OVC9B5E" failures="0" tests="5" name="Run on Chrome" time="74.466" errors="0" timestamp="24 thg 9 2022 17:23:01 GMT">
  <testcase classname="orangehrm.admin.job.JobTitle_Work_Flow" name="TC_01_Verify_Add_Job_Title" time="11.425"/>
  <testcase classname="orangehrm.admin.job.JobTitle_Work_Flow" name="TC_02_Verify_Edit_Job_Title" time="8.689"/>
  <testcase classname="orangehrm.admin.job.JobTitle_Work_Flow" name="TC_03_Verify_Edit_Job_Specification_File" time="14.368"/>
  <testcase classname="orangehrm.admin.job.JobTitle_Work_Flow" name="TC_04_Verify_Delete_Job_Specification_File" time="16.407"/>
  <testcase classname="orangehrm.admin.job.JobTitle_Work_Flow" name="TC_05_Verify_Delete_Operation" time="11.626"/>
</testsuite> <!-- Run on Chrome -->
