<?xml version="1.0" encoding="UTF-8"?>
<testng-results ignored="1" total="2" passed="0" failed="1" skipped="0">
  <reporter-output>
  </reporter-output>
  <suite started-at="2022-09-23T07:23:25Z" name="Suite" finished-at="2022-09-23T07:23:51Z" duration-ms="26517">
    <groups>
    </groups>
    <test started-at="2022-09-23T07:23:25Z" name="Run on Chrome" finished-at="2022-09-23T07:23:51Z" duration-ms="26517">
      <class name="orangehrm.page.Admin_Page_Access">
        <test-method is-config="true" signature="TC_01_Login_Success(java.lang.String)[pri:0, instance:orangehrm.page.Admin_Page_Access@7d37f1c]" started-at="2022-09-23T07:23:36Z" name="TC_01_Login_Success" finished-at="2022-09-23T07:23:43Z" duration-ms="7222" status="PASS">
          <params>
            <param index="0">
              <value>
                <![CDATA[chrome]]>
              </value>
            </param>
          </params>
          <reporter-output>
          </reporter-output>
        </test-method> <!-- TC_01_Login_Success -->
        <test-method signature="TC_01_Verify_Access_User_Page(java.lang.String)[pri:0, instance:orangehrm.page.Admin_Page_Access@7d37f1c]" started-at="2022-09-23T07:23:43Z" name="TC_01_Verify_Access_User_Page" finished-at="2022-09-23T07:23:43Z" duration-ms="0" status="FAIL">
          <exception class="org.testng.TestNGException">
            <message>
              <![CDATA[
Cannot inject @Test annotated Method [TC_01_Verify_Access_User_Page] with [class java.lang.String].
For more information on native dependency injection please refer to http://testng.org/doc/documentation-main.html#native-dependency-injection]]>
            </message>
            <full-stacktrace>
              <![CDATA[org.testng.TestNGException: 
Cannot inject @Test annotated Method [TC_01_Verify_Access_User_Page] with [class java.lang.String].
For more information on native dependency injection please refer to http://testng.org/doc/documentation-main.html#native-dependency-injection
at org.testng.internal.Parameters.checkParameterTypes(Parameters.java:407)
at org.testng.internal.Parameters.createParametersForMethod(Parameters.java:356)
at org.testng.internal.Parameters.createParameters(Parameters.java:635)
at org.testng.internal.Parameters.handleParameters(Parameters.java:769)
at org.testng.internal.ParameterHandler.handleParameters(ParameterHandler.java:49)
at org.testng.internal.ParameterHandler.createParameters(ParameterHandler.java:37)
at org.testng.internal.Invoker.invokeTestMethods(Invoker.java:924)
at org.testng.internal.TestMethodWorker.invokeTestMethods(TestMethodWorker.java:125)
at org.testng.internal.TestMethodWorker.run(TestMethodWorker.java:109)
at org.testng.TestRunner.privateRun(TestRunner.java:648)
at org.testng.TestRunner.run(TestRunner.java:505)
at org.testng.SuiteRunner.runTest(SuiteRunner.java:455)
at org.testng.SuiteRunner.runSequentially(SuiteRunner.java:450)
at org.testng.SuiteRunner.privateRun(SuiteRunner.java:415)
at org.testng.SuiteRunner.run(SuiteRunner.java:364)
at org.testng.SuiteRunnerWorker.runSuite(SuiteRunnerWorker.java:52)
at org.testng.SuiteRunnerWorker.run(SuiteRunnerWorker.java:84)
at org.testng.TestNG.runSuitesSequentially(TestNG.java:1208)
at org.testng.TestNG.runSuitesLocally(TestNG.java:1137)
at org.testng.TestNG.runSuites(TestNG.java:1049)
at org.testng.TestNG.run(TestNG.java:1017)
at org.apache.maven.surefire.testng.TestNGExecutor.run(TestNGExecutor.java:283)
at org.apache.maven.surefire.testng.TestNGXmlTestSuite.execute(TestNGXmlTestSuite.java:75)
at org.apache.maven.surefire.testng.TestNGProvider.invoke(TestNGProvider.java:120)
at org.apache.maven.surefire.booter.ForkedBooter.invokeProviderInSameClassLoader(ForkedBooter.java:384)
at org.apache.maven.surefire.booter.ForkedBooter.runSuitesInProcess(ForkedBooter.java:345)
at org.apache.maven.surefire.booter.ForkedBooter.execute(ForkedBooter.java:126)
at org.apache.maven.surefire.booter.ForkedBooter.main(ForkedBooter.java:418)
]]>
            </full-stacktrace>
          </exception> <!-- org.testng.TestNGException -->
          <reporter-output>
          </reporter-output>
        </test-method> <!-- TC_01_Verify_Access_User_Page -->
      </class> <!-- orangehrm.page.Admin_Page_Access -->
      <class name="orangehrm.commons.Common_01_Login">
        <test-method is-config="true" signature="deleteAllFilesInReportNGScreenshot()[pri:0, instance:orangehrm.commons.Common_01_Login@cc239ba]" started-at="2022-09-23T07:23:25Z" name="deleteAllFilesInReportNGScreenshot" finished-at="2022-09-23T07:23:25Z" duration-ms="51" status="PASS">
          <reporter-output>
          </reporter-output>
        </test-method> <!-- deleteAllFilesInReportNGScreenshot -->
        <test-method is-config="true" signature="TC_01_Login_Success(java.lang.String)[pri:0, instance:orangehrm.commons.Common_01_Login@cc239ba]" started-at="2022-09-23T07:23:25Z" name="TC_01_Login_Success" finished-at="2022-09-23T07:23:36Z" duration-ms="11220" status="PASS">
          <params>
            <param index="0">
              <value>
                <![CDATA[chrome]]>
              </value>
            </param>
          </params>
          <reporter-output>
          </reporter-output>
        </test-method> <!-- TC_01_Login_Success -->
      </class> <!-- orangehrm.commons.Common_01_Login -->
    </test> <!-- Run on Chrome -->
  </suite> <!-- Suite -->
</testng-results>
