<?xml version="1.0" encoding="UTF-8"?>
<testsuite name="Run on Chrome"
           tests="6"
           failures="0"
           errors="0"
           skipped="0"
           time="8.649">
  <properties />
  
  
            <testcase name="TC_04_Verify_Job_Employee_Status_Page" time="1.113" classname="orangehrm.page.Admin_Page_Access_01" />
                <testcase name="TC_06_Verify_Job_Work_Shifts_Page" time="1.117" classname="orangehrm.page.Admin_Page_Access_01" />
                <testcase name="TC_02_Verify_Job_Titles_Page" time="1.145" classname="orangehrm.page.Admin_Page_Access_01" />
                <testcase name="TC_01_Verify_Access_User_Page" time="3.058" classname="orangehrm.page.Admin_Page_Access_01" />
                <testcase name="TC_03_Verify_Job_Pay_Grades_Page" time="1.107" classname="orangehrm.page.Admin_Page_Access_01" />
                <testcase name="TC_05_Verify_Job_Job_Categories_Page" time="1.109" classname="orangehrm.page.Admin_Page_Access_01" />
      
</testsuite>
