<?xml version="1.0" encoding="UTF-8"?>
<testsuite name="Run on Chrome"
           tests="5"
           failures="0"
           errors="0"
           skipped="0"
           time="48,707">
  <properties />
  
  
            <testcase name="TC_02_Verify_Edit_Job_Title" time="6,758" classname="orangehrm.admin.job.JobTitle_Work_Flow" />
                <testcase name="TC_03_Verify_Edit_Job_Specification_File" time="10,668" classname="orangehrm.admin.job.JobTitle_Work_Flow" />
                <testcase name="TC_01_Verify_Add_Job_Title" time="10,541" classname="orangehrm.admin.job.JobTitle_Work_Flow" />
                <testcase name="TC_05_Verify_Delete_Operation" time="6,531" classname="orangehrm.admin.job.JobTitle_Work_Flow" />
                <testcase name="TC_04_Verify_Delete_Job_Specification_File" time="14,209" classname="orangehrm.admin.job.JobTitle_Work_Flow" />
      
</testsuite>
