<?xml version="1.0" encoding="UTF-8"?>
<testsuite name="Run on Chrome"
           tests="4"
           failures="0"
           errors="0"
           skipped="0"
           time="23.166">
  <properties />
  
  
            <testcase name="TC_03_File_Size_Cannot_More_Than_1MB" time="8.026" classname="orangehrm.admin.job.JobTitle_Validation" />
                <testcase name="TC_02_Job_Title_Cannot_More_Than_100_Characters" time="4.922" classname="orangehrm.admin.job.JobTitle_Validation" />
                <testcase name="TC_04_File_Extension_Wrong_Format" time="7.858" classname="orangehrm.admin.job.JobTitle_Validation" />
                <testcase name="TC_01_Job_Title_Cannot_Be_Blank" time="2.360" classname="orangehrm.admin.job.JobTitle_Validation" />
      
</testsuite>
