<?xml version="1.0" encoding="UTF-8"?>
<testng-results ignored="0" total="1" passed="1" failed="0" skipped="0">
  <reporter-output>
  </reporter-output>
  <suite started-at="2022-09-24T20:02:12Z" name="Suite" finished-at="2022-09-24T20:02:27Z" duration-ms="15487">
    <groups>
    </groups>
    <test started-at="2022-09-24T20:02:12Z" name="Run on Chrome" finished-at="2022-09-24T20:02:27Z" duration-ms="15487">
      <class name="orangehrm.admin.organization.Location_Operation">
        <test-method is-config="true" signature="deleteAllFilesInReportNGScreenshot()[pri:0, instance:orangehrm.admin.organization.Location_Operation@2216effc]" started-at="2022-09-24T20:02:12Z" name="deleteAllFilesInReportNGScreenshot" finished-at="2022-09-24T20:02:12Z" duration-ms="41" status="PASS">
          <reporter-output>
          </reporter-output>
        </test-method> <!-- deleteAllFilesInReportNGScreenshot -->
        <test-method is-config="true" signature="Precondition_Login(java.lang.String)[pri:0, instance:orangehrm.admin.organization.Location_Operation@2216effc]" started-at="2022-09-24T20:02:12Z" name="Precondition_Login" finished-at="2022-09-24T20:02:25Z" duration-ms="13728" status="PASS">
          <params>
            <param index="0">
              <value>
                <![CDATA[chrome]]>
              </value>
            </param>
          </params>
          <reporter-output>
          </reporter-output>
        </test-method> <!-- Precondition_Login -->
        <test-method signature="TC_04_Verify_Search_Existed_Location_By_Name()[pri:0, instance:orangehrm.admin.organization.Location_Operation@2216effc]" started-at="2022-09-24T20:02:25Z" name="TC_04_Verify_Search_Existed_Location_By_Name" finished-at="2022-09-24T20:02:27Z" duration-ms="1619" status="PASS">
          <reporter-output>
          </reporter-output>
        </test-method> <!-- TC_04_Verify_Search_Existed_Location_By_Name -->
      </class> <!-- orangehrm.admin.organization.Location_Operation -->
    </test> <!-- Run on Chrome -->
  </suite> <!-- Suite -->
</testng-results>
